2020-07-26T19:25:51.952Z [32minfo[39m 	Hello World!
2020-07-26T19:26:08.970Z [32minfo[39m 	8
2020-07-26T19:26:09.003Z [32minfo[39m 	8
2020-07-26T19:28:40.045Z [32minfo[39m 	Hello World!
2020-07-26T19:28:50.627Z [32minfo[39m 	$2a$10$BQuy/gtcswFyvP0GzS9MI.nKOe76fZykecCRALFgZ8efzpHP9Onfe
2020-07-26T19:28:50.629Z [32minfo[39m 	$2a$10$BQuy/gtcswFyvP0GzS9MI.nKOe76fZykecCRALFgZ8efzpHP9Onfe
2020-07-26T19:28:50.892Z [32minfo[39m 	checkUser true
2020-07-26T19:28:50.893Z [32minfo[39m 	checkUser is true
2020-07-26T19:28:50.908Z [32minfo[39m 	[object Object]
2020-07-26T19:28:50.910Z [32minfo[39m 	yup
2020-07-26T19:29:47.216Z [32minfo[39m 	countUsersWithLogin 9:29:47 pm
2020-07-26T19:29:47.219Z [32minfo[39m 	Time counted!
2020-07-26T19:29:47.220Z [32minfo[39m 	9:29:47 pm
2020-07-26T19:29:47.226Z [32minfo[39m 	countUsersWithLogin July 26th 2020
2020-07-26T19:29:47.227Z [32minfo[39m 	Date counted!
2020-07-26T19:29:47.229Z [32minfo[39m 	July 26th 2020
2020-07-26T19:29:47.239Z [32minfo[39m 	countUsersWithLogin 9:29:47 pm
2020-07-26T19:29:47.240Z [32minfo[39m 	Time counted!
2020-07-26T19:29:47.241Z [32minfo[39m 	9:29:47 pm
2020-07-26T19:29:47.244Z [32minfo[39m 	countUsersWithLogin July 26th 2020
2020-07-26T19:29:47.245Z [32minfo[39m 	Date counted!
2020-07-26T19:29:47.247Z [32minfo[39m 	July 26th 2020
2020-07-26T19:29:47.282Z [32minfo[39m 	8
2020-07-26T19:29:47.284Z [32minfo[39m 	countUsersWithLogin 8
2020-07-26T19:29:47.286Z [32minfo[39m 	Users with login counted!
2020-07-26T19:29:47.287Z [32minfo[39m 	8
2020-07-26T19:29:47.294Z [32minfo[39m 	8
2020-07-26T19:29:47.296Z [32minfo[39m 	countUsersWithLogin 8
2020-07-26T19:29:47.298Z [32minfo[39m 	Users with login counted!
2020-07-26T19:29:47.298Z [32minfo[39m 	8
2020-07-26T19:29:47.302Z [32minfo[39m 	countUserList 15
2020-07-26T19:29:47.303Z [32minfo[39m 	Login counted!
2020-07-26T19:29:47.304Z [32minfo[39m 	15
2020-07-26T19:29:47.306Z [32minfo[39m 	countUserList 15
2020-07-26T19:29:47.307Z [32minfo[39m 	Login counted!
2020-07-26T19:29:47.308Z [32minfo[39m 	15
2020-07-26T19:32:15.000Z [32minfo[39m 	countUsersWithLogin 9:32:15 pm
2020-07-26T19:32:15.007Z [32minfo[39m 	Time counted!
2020-07-26T19:32:15.009Z [32minfo[39m 	9:32:15 pm
2020-07-26T19:32:15.017Z [32minfo[39m 	countUsersWithLogin July 26th 2020
2020-07-26T19:32:15.019Z [32minfo[39m 	Date counted!
2020-07-26T19:32:15.020Z [32minfo[39m 	July 26th 2020
2020-07-26T19:32:15.026Z [32minfo[39m 	countUsersWithLogin 9:32:15 pm
2020-07-26T19:32:15.027Z [32minfo[39m 	Time counted!
2020-07-26T19:32:15.028Z [32minfo[39m 	9:32:15 pm
2020-07-26T19:32:15.033Z [32minfo[39m 	countUsersWithLogin July 26th 2020
2020-07-26T19:32:15.036Z [32minfo[39m 	Date counted!
2020-07-26T19:32:15.037Z [32minfo[39m 	July 26th 2020
2020-07-26T19:32:15.092Z [32minfo[39m 	8
2020-07-26T19:32:15.096Z [32minfo[39m 	countUsersWithLogin 8
2020-07-26T19:32:15.098Z [32minfo[39m 	Users with login counted!
2020-07-26T19:32:15.099Z [32minfo[39m 	8
2020-07-26T19:32:15.110Z [32minfo[39m 	countUserList 15
2020-07-26T19:32:15.113Z [32minfo[39m 	Login counted!
2020-07-26T19:32:15.115Z [32minfo[39m 	15
2020-07-26T19:32:15.119Z [32minfo[39m 	8
2020-07-26T19:32:15.121Z [32minfo[39m 	countUsersWithLogin 8
2020-07-26T19:32:15.122Z [32minfo[39m 	Users with login counted!
2020-07-26T19:32:15.123Z [32minfo[39m 	8
2020-07-26T19:32:15.125Z [32minfo[39m 	countUserList 15
2020-07-26T19:32:15.126Z [32minfo[39m 	Login counted!
2020-07-26T19:32:15.127Z [32minfo[39m 	15
2020-07-26T19:32:26.911Z [32minfo[39m 	$2a$10$BQuy/gtcswFyvP0GzS9MI.nKOe76fZykecCRALFgZ8efzpHP9Onfe
2020-07-26T19:32:26.914Z [32minfo[39m 	$2a$10$BQuy/gtcswFyvP0GzS9MI.nKOe76fZykecCRALFgZ8efzpHP9Onfe
2020-07-26T19:32:27.110Z [32minfo[39m 	checkUser true
2020-07-26T19:32:27.112Z [32minfo[39m 	checkUser is true
2020-07-26T19:32:27.113Z [32minfo[39m 	[object Object]
2020-07-26T19:32:27.114Z [32minfo[39m 	yup
2020-07-26T19:32:33.190Z [32minfo[39m 	Izvršen je select nad bazom
2020-07-26T19:32:33.193Z [32minfo[39m 	Podaci poslani na front!
2020-07-26T19:32:33.202Z [32minfo[39m 	Izvršen je select nad bazom
2020-07-26T19:32:33.203Z [32minfo[39m 	Podaci poslani na front!
2020-07-26T19:32:35.409Z [32minfo[39m 	Usli smo!
2020-07-26T19:32:35.413Z [32minfo[39m 	183
2020-07-26T19:32:35.429Z [32minfo[39m 	selectedUser [object Object]
2020-07-26T19:32:35.431Z [32minfo[39m 	Inserted new user in database...
2020-07-26T19:32:35.460Z [32minfo[39m 	Usli smo!
2020-07-26T19:32:35.462Z [32minfo[39m 	183
2020-07-26T19:32:35.465Z [32minfo[39m 	Usli smo!
2020-07-26T19:32:35.467Z [32minfo[39m 	183
2020-07-26T19:32:35.472Z [32minfo[39m 	selectedUser [object Object]
2020-07-26T19:32:35.473Z [32minfo[39m 	Inserted new user in database...
2020-07-26T19:32:35.476Z [32minfo[39m 	selectedUser [object Object]
2020-07-26T19:32:35.477Z [32minfo[39m 	Inserted new user in database...
2020-07-26T19:32:41.569Z [32minfo[39m 	183
2020-07-26T19:32:41.581Z [32minfo[39m 	updateUserasync function updateUser(name, initials, eyeColor, age, guid, email, id) {
    var data = await pool.query("UPDATE users SET name = $1, initials = $2, eyeColor = $3, age = $4, guid=$5, email = $6 WHERE id = $7;", [name, initials, eyeColor, age, guid, email, id])
    return data.rows[0]
}
2020-07-26T19:32:41.584Z [32minfo[39m 	User updated successfully
2020-07-26T19:32:41.617Z [32minfo[39m 	countUserList 15
2020-07-26T19:32:41.618Z [32minfo[39m 	Login counted!
2020-07-26T19:32:41.619Z [32minfo[39m 	15
2020-07-26T19:32:41.626Z [32minfo[39m 	countUserList 15
2020-07-26T19:32:41.628Z [32minfo[39m 	Login counted!
2020-07-26T19:32:41.629Z [32minfo[39m 	15
2020-07-26T19:32:50.657Z [32minfo[39m 	$2a$10$BQuy/gtcswFyvP0GzS9MI.nKOe76fZykecCRALFgZ8efzpHP9Onfe
2020-07-26T19:32:50.661Z [32minfo[39m 	$2a$10$BQuy/gtcswFyvP0GzS9MI.nKOe76fZykecCRALFgZ8efzpHP9Onfe
2020-07-26T19:32:50.844Z [32minfo[39m 	checkUser true
2020-07-26T19:32:50.846Z [32minfo[39m 	checkUser is true
2020-07-26T19:32:50.846Z [32minfo[39m 	[object Object]
2020-07-26T19:32:50.848Z [32minfo[39m 	yup
2020-07-26T19:32:54.629Z [32minfo[39m 	Izvršen je select nad bazom
2020-07-26T19:32:54.631Z [32minfo[39m 	Podaci poslani na front!
2020-07-26T19:32:54.652Z [32minfo[39m 	Izvršen je select nad bazom
2020-07-26T19:32:54.653Z [32minfo[39m 	Podaci poslani na front!
2020-07-26T19:32:58.166Z [32minfo[39m 	Usli smo!
2020-07-26T19:32:58.169Z [32minfo[39m 	183
2020-07-26T19:32:58.180Z [32minfo[39m 	selectedUser [object Object]
2020-07-26T19:32:58.181Z [32minfo[39m 	Inserted new user in database...
2020-07-26T19:32:58.192Z [32minfo[39m 	Usli smo!
2020-07-26T19:32:58.194Z [32minfo[39m 	183
2020-07-26T19:32:58.196Z [32minfo[39m 	Usli smo!
2020-07-26T19:32:58.198Z [32minfo[39m 	183
2020-07-26T19:32:58.209Z [32minfo[39m 	selectedUser [object Object]
2020-07-26T19:32:58.211Z [32minfo[39m 	Inserted new user in database...
2020-07-26T19:32:58.213Z [32minfo[39m 	selectedUser [object Object]
2020-07-26T19:32:58.215Z [32minfo[39m 	Inserted new user in database...
2020-07-26T19:37:14.808Z [32minfo[39m 	Hello World!
2020-07-26T19:38:10.418Z [32minfo[39m 	Hello World!
2020-07-26T19:42:32.419Z [32minfo[39m 	Hello World!
2020-07-26T19:45:29.362Z [32minfo[39m 	Hello World!
2020-07-26T19:45:29.367Z [32minfo[39m 	undefined
2020-07-26T19:47:37.253Z [32minfo[39m 	countUsersWithLogin 9:47:37 pm
2020-07-26T19:47:37.256Z [32minfo[39m 	Time counted!
2020-07-26T19:47:37.294Z [32minfo[39m 	9:47:37 pm
2020-07-26T19:47:37.321Z [32minfo[39m 	countUsersWithLogin July 26th 2020
2020-07-26T19:47:37.335Z [32minfo[39m 	Date counted!
2020-07-26T19:47:37.337Z [32minfo[39m 	July 26th 2020
2020-07-26T19:47:37.369Z [32minfo[39m 	countUsersWithLogin 9:47:37 pm
2020-07-26T19:47:37.370Z [32minfo[39m 	Time counted!
2020-07-26T19:47:37.373Z [32minfo[39m 	9:47:37 pm
2020-07-26T19:47:37.417Z [32minfo[39m 	countUsersWithLogin July 26th 2020
2020-07-26T19:47:37.418Z [32minfo[39m 	Date counted!
2020-07-26T19:47:37.420Z [32minfo[39m 	July 26th 2020
2020-07-26T19:47:37.449Z [32minfo[39m 	8
2020-07-26T19:47:37.451Z [32minfo[39m 	countUsersWithLogin 8
2020-07-26T19:47:37.451Z [32minfo[39m 	Users with login counted!
2020-07-26T19:47:37.452Z [32minfo[39m 	8
2020-07-26T19:47:37.455Z [32minfo[39m 	countUserList 15
2020-07-26T19:47:37.470Z [32minfo[39m 	Login counted!
2020-07-26T19:47:37.471Z [32minfo[39m 	15
2020-07-26T19:47:37.475Z [32minfo[39m 	8
2020-07-26T19:47:37.488Z [32minfo[39m 	countUsersWithLogin 8
2020-07-26T19:47:37.489Z [32minfo[39m 	Users with login counted!
2020-07-26T19:47:37.503Z [32minfo[39m 	8
2020-07-26T19:47:37.506Z [32minfo[39m 	countUserList 15
2020-07-26T19:47:37.520Z [32minfo[39m 	Login counted!
2020-07-26T19:47:37.521Z [32minfo[39m 	15
2020-07-26T19:49:09.376Z [32minfo[39m 	Hello World!
2020-07-26T19:49:09.380Z [32minfo[39m 	undefined
2020-07-26T19:49:35.678Z [32minfo[39m 	Hello World!
2020-07-26T19:49:35.681Z [32minfo[39m 	undefined
2020-07-26T19:50:40.083Z [32minfo[39m 	Hello World!
2020-07-26T19:50:40.087Z [32minfo[39m 	This is test
2020-07-26T19:51:46.387Z [32minfo[39m 	Hello World!
2020-07-26T19:53:07.398Z [32minfo[39m 	countUsersWithLogin 9:53:07 pm
2020-07-26T19:53:07.402Z [32minfo[39m 	Time counted!
2020-07-26T19:53:07.404Z [32minfo[39m 	9:53:07 pm
2020-07-26T19:53:07.464Z [32minfo[39m 	countUsersWithLogin July 26th 2020
2020-07-26T19:53:07.472Z [32minfo[39m 	Date counted!
2020-07-26T19:53:07.474Z [32minfo[39m 	July 26th 2020
2020-07-26T19:53:07.487Z [32minfo[39m 	countUsersWithLogin 9:53:07 pm
2020-07-26T19:53:07.501Z [32minfo[39m 	Time counted!
2020-07-26T19:53:07.502Z [32minfo[39m 	9:53:07 pm
2020-07-26T19:53:07.505Z [32minfo[39m 	countUsersWithLogin July 26th 2020
2020-07-26T19:53:07.505Z [32minfo[39m 	Date counted!
2020-07-26T19:53:07.506Z [32minfo[39m 	July 26th 2020
2020-07-26T19:53:07.541Z [32minfo[39m 	8
2020-07-26T19:53:07.542Z [32minfo[39m 	countUsersWithLogin 8
2020-07-26T19:53:07.543Z [32minfo[39m 	Users with login counted!
2020-07-26T19:53:07.559Z [32minfo[39m 	8
2020-07-26T19:53:07.563Z [32minfo[39m 	8
2020-07-26T19:53:07.575Z [32minfo[39m 	countUsersWithLogin 8
2020-07-26T19:53:07.577Z [32minfo[39m 	Users with login counted!
2020-07-26T19:53:07.590Z [32minfo[39m 	8
2020-07-26T19:53:07.592Z [32minfo[39m 	countUserList 15
2020-07-26T19:53:07.610Z [32minfo[39m 	Login counted!
2020-07-26T19:53:07.625Z [32minfo[39m 	15
2020-07-26T19:53:07.628Z [32minfo[39m 	countUserList 15
2020-07-26T19:53:07.645Z [32minfo[39m 	Login counted!
2020-07-26T19:53:07.651Z [32minfo[39m 	15
2020-07-26T19:53:42.535Z [32minfo[39m 	$2a$10$BQuy/gtcswFyvP0GzS9MI.nKOe76fZykecCRALFgZ8efzpHP9Onfe
2020-07-26T19:53:42.537Z [32minfo[39m 	$2a$10$BQuy/gtcswFyvP0GzS9MI.nKOe76fZykecCRALFgZ8efzpHP9Onfe
2020-07-26T19:53:42.795Z [32minfo[39m 	checkUser true
2020-07-26T19:53:42.797Z [32minfo[39m 	checkUser is true
2020-07-26T19:53:42.798Z [32minfo[39m 	[object Object]
2020-07-26T19:53:42.812Z [32minfo[39m 	yup
2020-07-26T19:54:40.316Z [32minfo[39m 	abcdefghijklmnopqrstuvwxyz
2020-07-26T19:54:46.277Z [32minfo[39m 	countUsersWithLogin 9:54:46 pm
2020-07-26T19:54:46.280Z [32minfo[39m 	Time counted!
2020-07-26T19:54:46.281Z [32minfo[39m 	9:54:46 pm
2020-07-26T19:54:46.316Z [32minfo[39m 	countUsersWithLogin July 26th 2020
2020-07-26T19:54:46.337Z [32minfo[39m 	Date counted!
2020-07-26T19:54:46.339Z [32minfo[39m 	July 26th 2020
2020-07-26T19:54:46.359Z [32minfo[39m 	countUsersWithLogin 9:54:46 pm
2020-07-26T19:54:46.379Z [32minfo[39m 	Time counted!
2020-07-26T19:54:46.381Z [32minfo[39m 	9:54:46 pm
2020-07-26T19:54:46.384Z [32minfo[39m 	countUsersWithLogin July 26th 2020
2020-07-26T19:54:46.385Z [32minfo[39m 	Date counted!
2020-07-26T19:54:46.386Z [32minfo[39m 	July 26th 2020
2020-07-26T19:54:46.422Z [32minfo[39m 	8
2020-07-26T19:54:46.423Z [32minfo[39m 	countUsersWithLogin 8
2020-07-26T19:54:46.424Z [32minfo[39m 	Users with login counted!
2020-07-26T19:54:46.425Z [32minfo[39m 	8
2020-07-26T19:54:46.428Z [32minfo[39m 	countUserList 15
2020-07-26T19:54:46.441Z [32minfo[39m 	Login counted!
2020-07-26T19:54:46.443Z [32minfo[39m 	15
2020-07-26T19:54:46.448Z [32minfo[39m 	countUserList 15
2020-07-26T19:54:46.463Z [32minfo[39m 	Login counted!
2020-07-26T19:54:46.464Z [32minfo[39m 	15
2020-07-26T19:54:46.467Z [32minfo[39m 	8
2020-07-26T19:54:46.468Z [32minfo[39m 	countUsersWithLogin 8
2020-07-26T19:54:46.469Z [32minfo[39m 	Users with login counted!
2020-07-26T19:54:46.470Z [32minfo[39m 	8
2020-07-26T19:54:47.717Z [32minfo[39m 	Izvršen je select nad bazom
2020-07-26T19:54:47.720Z [32minfo[39m 	Podaci poslani na front!
2020-07-26T19:54:47.726Z [32minfo[39m 	Izvršen je select nad bazom
2020-07-26T19:54:47.746Z [32minfo[39m 	Podaci poslani na front!
2020-07-26T19:54:54.416Z [32minfo[39m 	Izvršen je select nad bazom
2020-07-26T19:54:54.418Z [32minfo[39m 	Podaci poslani na front!
2020-07-26T19:54:54.421Z [32minfo[39m 	Izvršen je select nad bazom
2020-07-26T19:54:54.438Z [32minfo[39m 	Podaci poslani na front!
2020-07-26T19:54:57.582Z [32minfo[39m 	nameList Mateja Matejic
2020-07-26T19:54:57.584Z [32minfo[39m 	Younger user selected!
2020-07-26T19:54:57.605Z [32minfo[39m 	Mateja Matejic
2020-07-26T19:54:57.610Z [32minfo[39m 	maxNameList Marko Maric
2020-07-26T19:54:57.612Z [32minfo[39m 	Oldest user selected!
2020-07-26T19:54:57.613Z [32minfo[39m 	Marko Maric
2020-07-26T19:54:57.621Z [32minfo[39m 	8
2020-07-26T19:54:57.622Z [32minfo[39m 	countUsersWithLogin 8
2020-07-26T19:54:57.648Z [32minfo[39m 	Users with login counted!
2020-07-26T19:54:57.651Z [32minfo[39m 	8
2020-07-26T19:54:57.656Z [32minfo[39m 	maxNameList Marko Maric
2020-07-26T19:54:57.671Z [32minfo[39m 	Oldest user selected!
2020-07-26T19:54:57.673Z [32minfo[39m 	Marko Maric
2020-07-26T19:54:57.693Z [32minfo[39m 	8
2020-07-26T19:54:57.696Z [32minfo[39m 	countUsersWithLogin 8
2020-07-26T19:54:57.698Z [32minfo[39m 	Users with login counted!
2020-07-26T19:54:57.699Z [32minfo[39m 	8
2020-07-26T19:54:57.715Z [32minfo[39m 	nameList Mateja Matejic
2020-07-26T19:54:57.733Z [32minfo[39m 	Younger user selected!
2020-07-26T19:54:57.735Z [32minfo[39m 	Mateja Matejic
2020-07-26T19:54:57.737Z [32minfo[39m 	countUserList 15
2020-07-26T19:54:57.738Z [32minfo[39m 	Login counted!
2020-07-26T19:54:57.740Z [32minfo[39m 	15
2020-07-26T19:54:57.753Z [32minfo[39m 	countUserList 15
2020-07-26T19:54:57.754Z [32minfo[39m 	Login counted!
2020-07-26T19:54:57.754Z [32minfo[39m 	15
2020-07-26T19:55:39.064Z [32minfo[39m 	abcdefghijklmnopqrstuvwxyz
2020-07-26T19:56:16.862Z [32minfo[39m 	Hello World!
2020-07-26T19:56:43.916Z [32minfo[39m 	Hello World!
2020-07-26T20:03:56.408Z [32minfo[39m 	Hello World!
2020-07-26T20:03:56.413Z [32minfo[39m 	Connect
2020-07-26T20:04:38.397Z [32minfo[39m 	Hello World!
2020-07-26T20:06:56.745Z [32minfo[39m 	Hello World!
2020-07-26T20:07:45.220Z [32minfo[39m 	Hello World!
2020-07-26T20:07:45.224Z [32minfo[39m 	undefined
2020-07-26T20:09:03.886Z [32minfo[39m 	Hello World!
2020-07-26T20:09:17.734Z [32minfo[39m 	Hello World!
2020-07-26T20:11:40.847Z [32minfo[39m 	Hello World!
2020-07-26T20:11:40.851Z [32minfo[39m 	undefined
2020-07-26T20:11:46.408Z [32minfo[39m 	Hello World!
2020-07-26T20:11:46.411Z [32minfo[39m 	[object Object]
2020-07-26T20:12:33.057Z [32minfo[39m 	Hello World!
2020-07-26T20:15:59.312Z [32minfo[39m 	Hello World!
2020-07-26T20:16:10.920Z [32minfo[39m 	Hello World!
2020-07-26T20:16:21.834Z [32minfo[39m 	Hello World!
2020-07-26T20:16:35.026Z [32minfo[39m 	Hello World!
2020-07-26T20:16:53.735Z [32minfo[39m 	Hello World!
2020-07-26T20:18:13.590Z [32minfo[39m 	countUsersWithLogin 10:18:13 pm
2020-07-26T20:18:13.592Z [32minfo[39m 	Time counted!
2020-07-26T20:18:13.594Z [32minfo[39m 	10:18:13 pm
2020-07-26T20:18:13.642Z [32minfo[39m 	countUsersWithLogin July 26th 2020
2020-07-26T20:18:13.655Z [32minfo[39m 	Date counted!
2020-07-26T20:18:13.657Z [32minfo[39m 	July 26th 2020
2020-07-26T20:18:13.667Z [32minfo[39m 	countUsersWithLogin 10:18:13 pm
2020-07-26T20:18:13.668Z [32minfo[39m 	Time counted!
2020-07-26T20:18:13.684Z [32minfo[39m 	10:18:13 pm
2020-07-26T20:18:13.691Z [32minfo[39m 	countUsersWithLogin July 26th 2020
2020-07-26T20:18:13.693Z [32minfo[39m 	Date counted!
2020-07-26T20:18:13.694Z [32minfo[39m 	July 26th 2020
2020-07-26T20:18:13.726Z [32minfo[39m 	8
2020-07-26T20:18:13.727Z [32minfo[39m 	countUsersWithLogin 8
2020-07-26T20:18:13.728Z [32minfo[39m 	Users with login counted!
2020-07-26T20:18:13.728Z [32minfo[39m 	8
2020-07-26T20:18:13.730Z [32minfo[39m 	8
2020-07-26T20:18:13.731Z [32minfo[39m 	countUsersWithLogin 8
2020-07-26T20:18:13.732Z [32minfo[39m 	Users with login counted!
2020-07-26T20:18:13.733Z [32minfo[39m 	8
2020-07-26T20:18:13.737Z [32minfo[39m 	countUserList 15
2020-07-26T20:18:13.747Z [32minfo[39m 	Login counted!
2020-07-26T20:18:13.748Z [32minfo[39m 	15
2020-07-26T20:18:13.751Z [32minfo[39m 	countUserList 15
2020-07-26T20:18:13.752Z [32minfo[39m 	Login counted!
2020-07-26T20:18:13.765Z [32minfo[39m 	15
2020-07-26T20:20:25.154Z [32minfo[39m 	Hello World!
